\BOOKMARK [0][-]{chapter*.5}{\376\377\000\332\000v\000o\000d}{}% 1
\BOOKMARK [1][-]{section*.6}{\376\377\000N\000a\000l\000e\000z\000e\000n\000\355\000\040\000n\000e\000j\000k\000r\000a\000t\001\141\000\355\000\040\000c\000e\000s\000t\000y\000\040\000n\000e\000j\000e\000n\000\040\000v\000\040\000d\000o\000p\000r\000a\000v\000n\000\355\000c\000h\000\040\000s\000\355\000t\000\355\000c\000h}{chapter*.5}% 2
\BOOKMARK [1][-]{section*.6}{\376\377\000O\000p\000t\000i\000m\000a\000l\000i\000z\000a\000c\000e\000\040\000t\000r\000a\000s\000\040\000v\000e\000\040\000V\000H\000D}{chapter*.5}% 3
\BOOKMARK [1][-]{section*.6}{\376\377\000C\000\355\000l\000\040\000p\000r\000\341\000c\000e}{chapter*.5}% 4
\BOOKMARK [1][-]{section*.6}{\376\377\000O\000s\000n\000o\000v\000a\000\040\000t\000e\000x\000t\000u}{chapter*.5}% 5
\BOOKMARK [-1][-]{part.1}{\376\377\000T\000e\000o\000r\000i\000e}{}% 6
\BOOKMARK [0][-]{chapter.1}{\376\377\000A\000l\000g\000o\000r\000i\000t\000m\000y\000\040\000n\000a\000l\000e\000z\000e\000n\000\355\000\040\000n\000e\000j\000k\000r\000a\000t\001\141\000\355\000\040\000c\000e\000s\000t\000y}{part.1}% 7
\BOOKMARK [1][-]{section.1.1}{\376\377\000D\000i\000j\000k\000s\000t\000r\001\157\000v\000\040\000a\000l\000g\000o\000r\000i\000t\000m\000u\000s}{chapter.1}% 8
\BOOKMARK [2][-]{subsection.1.1.1}{\376\377\000D\000e\000f\000i\000n\000i\000c\000e\000\040\000a\000\040\000p\000o\000p\000i\000s\000\040\000a\000l\000g\000o\000r\000i\000t\000m\000u}{section.1.1}% 9
\BOOKMARK [1][-]{section.1.2}{\376\377\000A\000*}{chapter.1}% 10
\BOOKMARK [2][-]{subsection.1.2.1}{\376\377\000Z\000\341\000k\000l\000a\000d\000n\000\355\000\040\000h\000e\000u\000r\000i\000s\000t\000i\000k\000y}{section.1.2}% 11
\BOOKMARK [2][-]{subsection.1.2.2}{\376\377\000L\000a\000n\000d\000m\000a\000r\000k\000y\000\040\000\050\000A\000L\000T\000\051}{section.1.2}% 12
\BOOKMARK [1][-]{section.1.3}{\376\377\000D\000a\000l\001\141\000\355\000\040\000s\000p\000e\000e\000d\000-\000u\000p\000\040\000t\000e\000c\000h\000n\000i\000k\000y\000\040\000D\000i\000j\000k\000s\000t\000r\000o\000v\000a\000\040\000a\000l\000g\000o\000r\000i\000t\000m\000u}{chapter.1}% 13
\BOOKMARK [2][-]{subsection.1.3.1}{\376\377\000O\000b\000o\000u\000s\000t\000r\000a\000n\000n\000\351\000\040\000v\000y\000h\000l\000e\000d\000\341\000v\000\341\000n\000\355}{section.1.3}% 14
\BOOKMARK [2][-]{subsection.1.3.2}{\376\377\000A\000r\000c\000-\000F\000l\000a\000g\000s}{section.1.3}% 15
\BOOKMARK [2][-]{subsection.1.3.3}{\376\377\000H\000i\000g\000h\000w\000a\000y\000\040\000H\000i\000e\000r\000a\000r\000c\000h\000i\000e\000s}{section.1.3}% 16
\BOOKMARK [2][-]{subsection.1.3.4}{\376\377\000C\000o\000n\000t\000r\000a\000c\000t\000i\000o\000n\000\040\000H\000i\000e\000r\000a\000c\000h\000i\000e\000s}{section.1.3}% 17
\BOOKMARK [0][-]{chapter.2}{\376\377\000N\000a\000l\000e\000z\000e\000n\000\355\000\040\000n\000e\000j\000r\000y\000c\000h\000l\000e\000j\001\141\000\355\000\040\000c\000e\000s\000t\000y\000\040\000v\000\040\000j\000\355\000z\000d\000n\000\355\000c\000h\000\040\001\131\000\341\000d\000e\000c\000h\000:\000\040\000m\000o\000d\000e\000l\000y\000\040\000a\000\040\000a\000l\000g\000o\000r\000i\000t\000m\000y}{part.1}% 18
\BOOKMARK [1][-]{section.2.1}{\376\377\000\332\000v\000o\000d\000\040\000d\000o\000\040\001\015\000a\000s\000o\000v\001\033\000\040\000z\000\341\000v\000i\000s\000l\000\375\000c\000h\000\040\000g\000r\000a\000f\001\157}{chapter.2}% 19
\BOOKMARK [2][-]{subsection.2.1.1}{\376\377\001\014\000a\000s\000o\000v\001\033\000\040\000z\000\341\000v\000i\000s\000l\000\351\000\040\000g\000r\000a\000f\000y\000\040\000p\000r\000o\000\040\000v\000e\001\131\000e\000j\000n\000o\000u\000\040\000d\000o\000p\000r\000a\000v\000u}{section.2.1}% 20
\BOOKMARK [1][-]{section.2.2}{\376\377\000M\000o\000d\000e\000l\000y\000\040\000v\000\040\000g\000r\000a\000f\000u}{chapter.2}% 21
\BOOKMARK [2][-]{subsection.2.2.1}{\376\377\000R\000o\000z\001\141\000\355\001\131\000e\000n\000\375\000\040\000m\000o\000d\000e\000l\000\040\000\050\000t\000i\000m\000e\000-\000e\000x\000p\000a\000n\000d\000e\000d\000\051}{section.2.2}% 22
\BOOKMARK [2][-]{subsection.2.2.2}{\376\377\000S\000t\000a\000n\000i\000c\000o\000v\000\375\000\040\000m\000o\000d\000e\000l\000\040\000\050\000t\000i\000m\000e\000-\000d\000e\000p\000e\000n\000d\000e\000n\000t\000\051}{section.2.2}% 23
\BOOKMARK [2][-]{subsection.2.2.3}{\376\377\000S\000r\000o\000v\000n\000\341\000n\000\355\000\040\000m\000o\000d\000e\000l\001\157}{section.2.2}% 24
\BOOKMARK [1][-]{section.2.3}{\376\377\000M\000o\000d\000i\000f\000i\000k\000a\000c\000e\000\040\000s\000t\000a\000n\000i\000c\000o\000v\000\351\000h\000o\000\040\000m\000o\000d\000e\000l\000u}{chapter.2}% 25
\BOOKMARK [2][-]{subsection.2.3.1}{\376\377\000Z\000\341\000k\000a\000z\000\040\000p\001\131\000e\000d\000j\000\355\001\176\000d\001\033\000n\000\355\000\040\000s\000p\000o\000j\001\157}{section.2.3}% 26
\BOOKMARK [2][-]{subsection.2.3.2}{\376\377\000R\000e\000a\000l\000i\000s\000t\000i\000c\000k\000\351\000\040\000p\001\131\000e\000s\000t\000u\000p\000y}{section.2.3}% 27
\BOOKMARK [2][-]{subsection.2.3.3}{\376\377\000T\000r\000a\000s\000a\000\040\000m\000\355\000s\000t\000o\000\040\000l\000i\000n\000k\000y}{section.2.3}% 28
\BOOKMARK [1][-]{section.2.4}{\376\377\000A\000l\000g\000o\000r\000i\000t\000m\000y\000\040\000p\000r\000o\000\040\001\015\000a\000s\000o\000v\001\033\000\040\000z\000\341\000v\000i\000s\000l\000\351\000\040\000g\000r\000a\000f\000y}{chapter.2}% 29
\BOOKMARK [2][-]{subsection.2.4.1}{\376\377\000O\000b\000o\000u\000s\000t\000r\000a\000n\000n\000\351\000\040\000v\000y\000h\000l\000e\000d\000\341\000v\000\341\000n\000\355}{section.2.4}% 30
\BOOKMARK [2][-]{subsection.2.4.2}{\376\377\000A\000*\000\040}{section.2.4}% 31
\BOOKMARK [2][-]{subsection.2.4.3}{\376\377\000L\000a\000n\000d\000m\000a\000r\000k\000y\000\040\000\050\000A\000L\000T\000\051}{section.2.4}% 32
\BOOKMARK [2][-]{subsection.2.4.4}{\376\377\000C\000o\000n\000t\000r\000a\000c\000t\000i\000o\000n\000\040\000h\000i\000e\000r\000a\000r\000c\000h\000i\000e\000s}{section.2.4}% 33
\BOOKMARK [1][-]{section.2.5}{\376\377\000A\000l\000g\000o\000r\000i\000t\000m\000y\000\040\000b\000e\000z\000\040\000g\000r\000a\000f\000o\000v\000\351\000\040\000s\000t\000r\000u\000k\000t\000u\000r\000y}{chapter.2}% 34
\BOOKMARK [2][-]{subsection.2.5.1}{\376\377\000R\000A\000P\000T\000O\000R}{section.2.5}% 35
\BOOKMARK [2][-]{subsection.2.5.2}{\376\377\000C\000S\000A}{section.2.5}% 36
\BOOKMARK [1][-]{section.2.6}{\376\377\000K\000r\000i\000t\000\351\000r\000i\000a\000\040\000o\000p\000t\000i\000m\000a\000l\000i\000t\000y\000\040\000c\000e\000s\000t\000y\000\040\000a\000\040\001\131\000e\001\141\000e\000n\000\351\000\040\000\372\000l\000o\000h\000y}{chapter.2}% 37
\BOOKMARK [-1][-]{part.2}{\376\377\000P\000r\000a\000k\000t\000i\000c\000k\000\341\000\040\000a\000p\000l\000i\000k\000a\000c\000e}{}% 38
\BOOKMARK [0][-]{chapter.3}{\376\377\000I\000m\000p\000l\000e\000m\000e\000n\000t\000a\000c\000e}{part.2}% 39
\BOOKMARK [1][-]{section.3.1}{\376\377\000O\000t\000e\000v\001\131\000e\000n\000\341\000\040\000d\000a\000t\000a\000\040\000P\000I\000D}{chapter.3}% 40
\BOOKMARK [1][-]{section.3.2}{\376\377\000G\000T\000F\000S\000:\000\040\000o\000b\000e\000c\000n\000\375\000\040\000\372\000v\000o\000d}{chapter.3}% 41
\BOOKMARK [2][-]{subsection.3.2.1}{\376\377\000G\000T\000F\000S\000\040\000S\000c\000h\000e\000d\000u\000l\000e}{section.3.2}% 42
\BOOKMARK [1][-]{section.3.3}{\376\377\000N\000a\001\015\000t\000e\000n\000\355\000\040\000d\000a\000t\000\040\000a\000\040\000t\000v\000o\000r\000b\000a\000\040\000z\000a\000s\000t\000\341\000v\000e\000k}{chapter.3}% 43
\BOOKMARK [1][-]{section.3.4}{\376\377\000V\000y\000t\000v\000o\001\131\000e\000n\000\355\000\040\000g\000r\000a\000f\000u}{chapter.3}% 44
\BOOKMARK [2][-]{subsection.3.4.1}{\376\377\000V\000y\000t\000v\000o\001\131\000e\000n\000\355\000\040\000v\000r\000c\000h\000o\000l\001\157}{section.3.4}% 45
\BOOKMARK [2][-]{subsection.3.4.2}{\376\377\000\332\000p\000r\000a\000v\000a\000\040\000d\000n\000e\000\040\000a\000\040\001\015\000a\000s\000u\000\040\000o\000d\000j\000e\000z\000d\000u\000\040\000a\000\040\000p\001\131\000\355\000j\000e\000z\000d\000u}{section.3.4}% 46
\BOOKMARK [2][-]{subsection.3.4.3}{\376\377\000V\000y\000t\000v\000o\001\131\000e\000n\000\355\000\040\000h\000r\000a\000n}{section.3.4}% 47
\BOOKMARK [1][-]{section.3.5}{\376\377\000Z\000\341\000k\000l\000a\000d\000n\000\355\000\040\000D\000i\000j\000k\000s\000t\000r\001\157\000v\000\040\000a\000l\000g\000o\000r\000i\000t\000m\000u\000s}{chapter.3}% 48
\BOOKMARK [2][-]{subsection.3.5.1}{\376\377\000\332\000l\000o\000h\000a\000\040\000n\000e\000j\000d\001\131\000\355\000v\001\033\000j\001\141\000\355\000h\000o\000\040\000p\001\131\000\355\000j\000e\000z\000d\000u}{section.3.5}% 49
\BOOKMARK [2][-]{subsection.3.5.2}{\376\377\000\332\000l\000o\000h\000a\000\040\000p\000r\000o\000f\000i\000l\000o\000v\000\375\000c\000h\000\040\000n\000e\000j\000d\001\131\000\355\000v\001\033\000j\001\141\000\355\000c\000h\000\040\000p\001\131\000\355\000j\000e\000z\000d\001\157}{section.3.5}% 50
\BOOKMARK [2][-]{subsection.3.5.3}{\376\377\000\332\000l\000o\000h\000a\000\040\000n\000a\000l\000e\000z\000e\000n\000\355\000\040\000v\001\141\000e\000c\000h\000\040\000p\000a\000r\000e\000t\000o\000-\000o\000p\000t\000i\000m\000\341\000l\000n\000\355\000c\000h\000\040\000c\000e\000s\000t}{section.3.5}% 51
\BOOKMARK [1][-]{section.3.6}{\376\377\000Z\000a\000v\000e\000d\000e\000n\000\355\000\040\000A\000*\000\040\000h\000e\000u\000r\000i\000s\000t\000i\000k}{chapter.3}% 52
\BOOKMARK [2][-]{subsection.3.6.1}{\376\377\000E\000u\000k\000l\000e\000i\000d\000o\000v\000s\000k\000\341\000\040\000m\000e\000t\000r\000i\000k\000a}{section.3.6}% 53
\BOOKMARK [2][-]{subsection.3.6.2}{\376\377\000A\000L\000T}{section.3.6}% 54
\BOOKMARK [1][-]{section.3.7}{\376\377\000C\000S\000A}{chapter.3}% 55
\BOOKMARK [2][-]{subsection.3.7.1}{\376\377\000\332\000l\000o\000h\000a\000\040\000n\000e\000j\000d\001\131\000\355\000v\001\033\000j\001\141\000\355\000h\000o\000\040\000p\001\131\000\355\000j\000e\000z\000d\000u\000\040\000s\000\040\000m\000i\000n\000i\000m\000a\000l\000i\000z\000a\000c\000\355\000\040\000p\001\131\000e\000s\000t\000u\000p\001\157\000.}{section.3.7}% 56
\BOOKMARK [1][-]{section.3.8}{\376\377\000G\000r\000a\000f\000i\000c\000k\000\351\000\040\000u\001\176\000i\000v\000a\000t\000e\000l\000s\000k\000\351\000\040\000r\000o\000z\000h\000r\000a\000n\000\355}{chapter.3}% 57
\BOOKMARK [0][-]{chapter.4}{\376\377\000V\000\375\000k\000o\000n\000n\000o\000s\000t\000n\000\355\000\040\000t\000e\000s\000t\000y}{part.2}% 58
\BOOKMARK [1][-]{section.4.1}{\376\377\000S\000p\000e\000c\000i\000f\000i\000k\000a\000c\000e\000\040\000m\001\033\001\131\000i\000c\000\355\000h\000o\000\040\000z\000a\001\131\000\355\000z\000e\000n\000\355}{chapter.4}% 59
\BOOKMARK [1][-]{section.4.2}{\376\377\000P\000a\000r\000a\000m\000e\000t\000r\000y\000\040\000d\000o\000p\000r\000a\000v\000n\000\355\000\040\000s\000\355\000t\001\033}{chapter.4}% 60
\BOOKMARK [1][-]{section.4.3}{\376\377\000M\000e\000t\000o\000d\000i\000k\000a}{chapter.4}% 61
\BOOKMARK [1][-]{section.4.4}{\376\377\000V\000\375\000s\000l\000e\000d\000k\000y}{chapter.4}% 62
\BOOKMARK [1][-]{section.4.5}{\376\377\000D\000i\000s\000k\000u\000z\000e}{chapter.4}% 63
\BOOKMARK [0][-]{chapter.5}{\376\377\000Z\000\341\000v\001\033\000r}{part.2}% 64
\BOOKMARK [1][-]{section.5.1}{\376\377\000S\000h\000r\000n\000u\000t\000\355\000\040\000v\000\375\000s\000l\000e\000d\000k\001\157\000\040\000p\000r\000\341\000c\000e}{chapter.5}% 65
\BOOKMARK [1][-]{section.5.2}{\376\377\000D\000o\000p\000o\000r\000u\001\015\000e\000n\000\355\000\040\000p\000r\000o\000\040\000b\000u\000d\000o\000u\000c\000\355\000\040\000v\000\375\000v\000o\000j}{chapter.5}% 66
\BOOKMARK [0][-]{chapter*.9}{\376\377\000B\000i\000b\000l\000i\000o\000g\000r\000a\000f\000i\000e}{part.2}% 67
\BOOKMARK [-1][-]{part*.10}{\376\377\000P\001\131\000\355\000l\000o\000h\000y}{}% 68
\BOOKMARK [0][-]{appendix.A}{\376\377\000Z\000d\000r\000o\000j\000o\000v\000\375\000\040\000k\000\363\000d\000,\000\040\000d\000a\000t\000a\000\040\000a\000\040\000v\000\375\000s\000l\000e\000d\000k\000y\000\040\000t\000e\000s\000t\001\157}{part*.10}% 69
\BOOKMARK [1][-]{section.A.1}{\376\377\000S\000t\000r\000u\000k\000t\000u\000r\000a\000\040\000p\001\131\000i\000l\000o\001\176\000e\000n\000\375\000c\000h\000\040\000s\000o\000u\000b\000o\000r\001\157}{appendix.A}% 70
